{"/Users/alex/Desktop/Codesmith/Projects/Svelte-DevTools-Plus/devtool/src/pages/Panel/Panel.tsx": {"path":"/Users/alex/Desktop/Codesmith/Projects/Svelte-DevTools-Plus/devtool/src/pages/Panel/Panel.tsx","statementMap":{"0":{"start":{"line":1,"column":0},"end":{"line":1,"column":41}},"1":{"start":{"line":2,"column":0},"end":{"line":2,"column":21}},"2":{"start":{"line":3,"column":0},"end":{"line":3,"column":32}},"3":{"start":{"line":4,"column":0},"end":{"line":4,"column":60}},"4":{"start":{"line":5,"column":0},"end":{"line":5,"column":46}},"5":{"start":{"line":6,"column":0},"end":{"line":6,"column":62}},"6":{"start":{"line":7,"column":0},"end":{"line":7,"column":45}},"7":{"start":{"line":8,"column":0},"end":{"line":8,"column":45}},"8":{"start":{"line":10,"column":0},"end":{"line":10,"column":42}},"9":{"start":{"line":11,"column":0},"end":{"line":11,"column":80}},"10":{"start":{"line":12,"column":0},"end":{"line":12,"column":42}},"11":{"start":{"line":13,"column":0},"end":{"line":13,"column":75}},"12":{"start":{"line":14,"column":0},"end":{"line":14,"column":50}},"13":{"start":{"line":22,"column":0},"end":{"line":24,"column":3}},"14":{"start":{"line":23,"column":2},"end":{"line":23,"column":63}},"15":{"start":{"line":27,"column":36},"end":{"line":27,"column":70}},"16":{"start":{"line":28,"column":35},"end":{"line":28,"column":65}},"17":{"start":{"line":29,"column":19},"end":{"line":29,"column":32}},"18":{"start":{"line":30,"column":19},"end":{"line":30,"column":32}},"19":{"start":{"line":33,"column":2},"end":{"line":35,"column":9}},"20":{"start":{"line":34,"column":4},"end":{"line":34,"column":18}},"21":{"start":{"line":37,"column":2},"end":{"line":74,"column":9}},"22":{"start":{"line":39,"column":20},"end":{"line":42,"column":8}},"23":{"start":{"line":43,"column":6},"end":{"line":43,"column":72}},"24":{"start":{"line":45,"column":4},"end":{"line":45,"column":17}},"25":{"start":{"line":49,"column":4},"end":{"line":73,"column":7}},"26":{"start":{"line":50,"column":6},"end":{"line":72,"column":null}},"27":{"start":{"line":51,"column":30},"end":{"line":51,"column":51}},"28":{"start":{"line":52,"column":8},"end":{"line":54,"column":null}},"29":{"start":{"line":53,"column":10},"end":{"line":53,"column":50}},"30":{"start":{"line":55,"column":13},"end":{"line":72,"column":null}},"31":{"start":{"line":56,"column":30},"end":{"line":56,"column":51}},"32":{"start":{"line":57,"column":8},"end":{"line":61,"column":null}},"33":{"start":{"line":58,"column":10},"end":{"line":58,"column":50}},"34":{"start":{"line":60,"column":10},"end":{"line":60,"column":54}},"35":{"start":{"line":63,"column":13},"end":{"line":72,"column":null}},"36":{"start":{"line":64,"column":25},"end":{"line":64,"column":46}},"37":{"start":{"line":66,"column":8},"end":{"line":71,"column":11}},"38":{"start":{"line":77,"column":4},"end":{"line":82,"column":7}},"39":{"start":{"line":83,"column":4},"end":{"line":88,"column":7}},"40":{"start":{"line":95,"column":18},"end":{"line":98,"column":6}},"41":{"start":{"line":99,"column":4},"end":{"line":102,"column":7}},"42":{"start":{"line":106,"column":4},"end":{"line":108,"column":7}},"43":{"start":{"line":111,"column":2},"end":{"line":149,"column":4}},"44":{"start":{"line":152,"column":0},"end":{"line":152,"column":21}}},"fnMap":{"0":{"name":"(anonymous_1)","decl":{"start":{"line":22,"column":40},"end":{"line":22,"column":null}},"loc":{"start":{"line":22,"column":40},"end":{"line":24,"column":1}}},"1":{"name":"Panel","decl":{"start":{"line":26,"column":9},"end":{"line":26,"column":14}},"loc":{"start":{"line":26,"column":14},"end":{"line":150,"column":1}}},"2":{"name":"(anonymous_3)","decl":{"start":{"line":33,"column":12},"end":{"line":33,"column":15}},"loc":{"start":{"line":33,"column":17},"end":{"line":35,"column":3}}},"3":{"name":"(anonymous_4)","decl":{"start":{"line":37,"column":12},"end":{"line":37,"column":15}},"loc":{"start":{"line":37,"column":17},"end":{"line":74,"column":3}}},"4":{"name":"setUpPanel","decl":{"start":{"line":38,"column":19},"end":{"line":38,"column":29}},"loc":{"start":{"line":38,"column":29},"end":{"line":44,"column":5}}},"5":{"name":"(anonymous_6)","decl":{"start":{"line":49,"column":41},"end":{"line":49,"column":51}},"loc":{"start":{"line":49,"column":63},"end":{"line":73,"column":5}}},"6":{"name":"createAndSaveNewSnapshot","decl":{"start":{"line":76,"column":11},"end":{"line":76,"column":35}},"loc":{"start":{"line":76,"column":63},"end":{"line":89,"column":3}}},"7":{"name":"changeSnapshot","decl":{"start":{"line":94,"column":17},"end":{"line":94,"column":31}},"loc":{"start":{"line":94,"column":53},"end":{"line":103,"column":3}}},"8":{"name":"clearSnapshotHistory","decl":{"start":{"line":105,"column":11},"end":{"line":105,"column":31}},"loc":{"start":{"line":105,"column":31},"end":{"line":109,"column":3}}}},"branchMap":{"0":{"loc":{"start":{"line":50,"column":6},"end":{"line":72,"column":null}},"type":"if","locations":[{"start":{"line":50,"column":6},"end":{"line":72,"column":null}},{"start":{"line":55,"column":13},"end":{"line":72,"column":null}}]},"1":{"loc":{"start":{"line":52,"column":8},"end":{"line":54,"column":null}},"type":"if","locations":[{"start":{"line":52,"column":8},"end":{"line":54,"column":null}}]},"2":{"loc":{"start":{"line":55,"column":13},"end":{"line":72,"column":null}},"type":"if","locations":[{"start":{"line":55,"column":13},"end":{"line":72,"column":null}},{"start":{"line":63,"column":13},"end":{"line":72,"column":null}}]},"3":{"loc":{"start":{"line":57,"column":8},"end":{"line":61,"column":null}},"type":"if","locations":[{"start":{"line":57,"column":8},"end":{"line":61,"column":null}},{"start":{"line":59,"column":15},"end":{"line":61,"column":null}}]},"4":{"loc":{"start":{"line":63,"column":13},"end":{"line":72,"column":null}},"type":"if","locations":[{"start":{"line":63,"column":13},"end":{"line":72,"column":null}}]}},"s":{"0":1,"1":1,"2":1,"3":1,"4":1,"5":1,"6":1,"7":1,"8":1,"9":1,"10":1,"11":1,"12":1,"13":1,"14":0,"15":3,"16":3,"17":3,"18":3,"19":3,"20":1,"21":3,"22":1,"23":1,"24":1,"25":1,"26":1,"27":0,"28":0,"29":0,"30":1,"31":1,"32":1,"33":1,"34":0,"35":0,"36":0,"37":0,"38":1,"39":1,"40":0,"41":0,"42":0,"43":3,"44":1},"f":{"0":0,"1":3,"2":1,"3":1,"4":1,"5":1,"6":1,"7":0,"8":0},"b":{"0":[0,1],"1":[0],"2":[1,0],"3":[1,0],"4":[0]}}
,"/Users/alex/Desktop/Codesmith/Projects/Svelte-DevTools-Plus/devtool/src/pages/Panel/store.ts": {"path":"/Users/alex/Desktop/Codesmith/Projects/Svelte-DevTools-Plus/devtool/src/pages/Panel/store.ts","statementMap":{"0":{"start":{"line":1,"column":0},"end":{"line":1,"column":50}},"1":{"start":{"line":2,"column":0},"end":{"line":2,"column":77}},"2":{"start":{"line":3,"column":0},"end":{"line":3,"column":67}},"3":{"start":{"line":4,"column":0},"end":{"line":4,"column":59}},"4":{"start":{"line":6,"column":13},"end":{"line":12,"column":3}}},"fnMap":{},"branchMap":{},"s":{"0":1,"1":1,"2":1,"3":1,"4":1},"f":{},"b":{}}
,"/Users/alex/Desktop/Codesmith/Projects/Svelte-DevTools-Plus/devtool/src/pages/Panel/PanelComponents/ComponentInfo.tsx": {"path":"/Users/alex/Desktop/Codesmith/Projects/Svelte-DevTools-Plus/devtool/src/pages/Panel/PanelComponents/ComponentInfo.tsx","statementMap":{"0":{"start":{"line":2,"column":0},"end":{"line":2,"column":42}},"1":{"start":{"line":3,"column":0},"end":{"line":3,"column":null}},"2":{"start":{"line":7,"column":0},"end":{"line":7,"column":29}},"3":{"start":{"line":8,"column":0},"end":{"line":8,"column":36}},"4":{"start":{"line":9,"column":0},"end":{"line":9,"column":42}},"5":{"start":{"line":13,"column":22},"end":{"line":59,"column":1}},"6":{"start":{"line":14,"column":42},"end":{"line":15,"column":null}},"7":{"start":{"line":18,"column":2},"end":{"line":58,"column":4}},"8":{"start":{"line":28,"column":12},"end":{"line":28,"column":null}},"9":{"start":{"line":45,"column":12},"end":{"line":45,"column":null}},"10":{"start":{"line":61,"column":0},"end":{"line":61,"column":29}}},"fnMap":{"0":{"name":"(anonymous_0)","decl":{"start":{"line":13,"column":22},"end":{"line":13,"column":25}},"loc":{"start":{"line":13,"column":27},"end":{"line":59,"column":1}}},"1":{"name":"(anonymous_1)","decl":{"start":{"line":27,"column":47},"end":{"line":27,"column":48}},"loc":{"start":{"line":28,"column":12},"end":{"line":28,"column":null}}},"2":{"name":"(anonymous_2)","decl":{"start":{"line":44,"column":54},"end":{"line":44,"column":55}},"loc":{"start":{"line":45,"column":12},"end":{"line":45,"column":null}}}},"branchMap":{"0":{"loc":{"start":{"line":24,"column":7},"end":{"line":38,"column":null}},"type":"binary-expr","locations":[{"start":{"line":24,"column":7},"end":{"line":24,"column":38}},{"start":{"line":25,"column":8},"end":{"line":37,"column":null}}]},"1":{"loc":{"start":{"line":41,"column":7},"end":{"line":55,"column":null}},"type":"binary-expr","locations":[{"start":{"line":41,"column":7},"end":{"line":41,"column":45}},{"start":{"line":42,"column":8},"end":{"line":54,"column":null}}]}},"s":{"0":1,"1":1,"2":1,"3":1,"4":1,"5":1,"6":3,"7":3,"8":0,"9":0,"10":1},"f":{"0":3,"1":0,"2":0},"b":{"0":[3,0],"1":[3,0]}}
,"/Users/alex/Desktop/Codesmith/Projects/Svelte-DevTools-Plus/devtool/src/pages/Panel/PanelComponents/Navbar.tsx": {"path":"/Users/alex/Desktop/Codesmith/Projects/Svelte-DevTools-Plus/devtool/src/pages/Panel/PanelComponents/Navbar.tsx","statementMap":{"0":{"start":{"line":2,"column":0},"end":{"line":2,"column":29}},"1":{"start":{"line":3,"column":0},"end":{"line":3,"column":40}},"2":{"start":{"line":4,"column":0},"end":{"line":4,"column":22}},"3":{"start":{"line":9,"column":2},"end":{"line":23,"column":4}},"4":{"start":{"line":8,"column":0},"end":{"line":8,"column":24}}},"fnMap":{"0":{"name":"Navbar","decl":{"start":{"line":8,"column":24},"end":{"line":8,"column":30}},"loc":{"start":{"line":8,"column":30},"end":{"line":24,"column":1}}}},"branchMap":{},"s":{"0":1,"1":1,"2":1,"3":3,"4":1},"f":{"0":3},"b":{}}
,"/Users/alex/Desktop/Codesmith/Projects/Svelte-DevTools-Plus/devtool/src/pages/Panel/PanelComponents/Rewinder.tsx": {"path":"/Users/alex/Desktop/Codesmith/Projects/Svelte-DevTools-Plus/devtool/src/pages/Panel/PanelComponents/Rewinder.tsx","statementMap":{"0":{"start":{"line":1,"column":0},"end":{"line":1,"column":70}},"1":{"start":{"line":2,"column":0},"end":{"line":2,"column":24}},"2":{"start":{"line":3,"column":0},"end":{"line":3,"column":42}},"3":{"start":{"line":18,"column":40},"end":{"line":18,"column":75}},"4":{"start":{"line":20,"column":4},"end":{"line":20,"column":37}},"5":{"start":{"line":20,"column":30},"end":{"line":20,"column":37}},"6":{"start":{"line":21,"column":4},"end":{"line":21,"column":26}},"7":{"start":{"line":28,"column":4},"end":{"line":28,"column":37}},"8":{"start":{"line":28,"column":30},"end":{"line":28,"column":37}},"9":{"start":{"line":29,"column":4},"end":{"line":29,"column":30}},"10":{"start":{"line":33,"column":4},"end":{"line":33,"column":33}},"11":{"start":{"line":33,"column":26},"end":{"line":33,"column":33}},"12":{"start":{"line":34,"column":4},"end":{"line":34,"column":36}},"13":{"start":{"line":35,"column":4},"end":{"line":35,"column":36}},"14":{"start":{"line":39,"column":4},"end":{"line":39,"column":49}},"15":{"start":{"line":39,"column":42},"end":{"line":39,"column":49}},"16":{"start":{"line":40,"column":4},"end":{"line":40,"column":32}},"17":{"start":{"line":41,"column":4},"end":{"line":41,"column":36}},"18":{"start":{"line":44,"column":2},"end":{"line":46,"column":26}},"19":{"start":{"line":45,"column":4},"end":{"line":45,"column":38}},"20":{"start":{"line":48,"column":19},"end":{"line":48,"column":56}},"21":{"start":{"line":49,"column":2},"end":{"line":75,"column":4}},"22":{"start":{"line":13,"column":0},"end":{"line":13,"column":24}}},"fnMap":{"0":{"name":"Rewinder","decl":{"start":{"line":13,"column":24},"end":{"line":13,"column":32}},"loc":{"start":{"line":17,"column":16},"end":{"line":76,"column":1}}},"1":{"name":"handleChange","decl":{"start":{"line":19,"column":11},"end":{"line":19,"column":23}},"loc":{"start":{"line":19,"column":67},"end":{"line":22,"column":3}}},"2":{"name":"handleChangeCommitted","decl":{"start":{"line":24,"column":11},"end":{"line":24,"column":32}},"loc":{"start":{"line":26,"column":33},"end":{"line":30,"column":3}}},"3":{"name":"goBack","decl":{"start":{"line":32,"column":11},"end":{"line":32,"column":17}},"loc":{"start":{"line":32,"column":17},"end":{"line":36,"column":3}}},"4":{"name":"goForward","decl":{"start":{"line":38,"column":11},"end":{"line":38,"column":20}},"loc":{"start":{"line":38,"column":20},"end":{"line":42,"column":3}}},"5":{"name":"(anonymous_6)","decl":{"start":{"line":44,"column":12},"end":{"line":44,"column":15}},"loc":{"start":{"line":44,"column":17},"end":{"line":46,"column":3}}}},"branchMap":{"0":{"loc":{"start":{"line":20,"column":4},"end":{"line":20,"column":37}},"type":"if","locations":[{"start":{"line":20,"column":4},"end":{"line":20,"column":37}}]},"1":{"loc":{"start":{"line":28,"column":4},"end":{"line":28,"column":37}},"type":"if","locations":[{"start":{"line":28,"column":4},"end":{"line":28,"column":37}}]},"2":{"loc":{"start":{"line":33,"column":4},"end":{"line":33,"column":33}},"type":"if","locations":[{"start":{"line":33,"column":4},"end":{"line":33,"column":33}}]},"3":{"loc":{"start":{"line":39,"column":4},"end":{"line":39,"column":49}},"type":"if","locations":[{"start":{"line":39,"column":4},"end":{"line":39,"column":49}}]},"4":{"loc":{"start":{"line":48,"column":19},"end":{"line":48,"column":56}},"type":"cond-expr","locations":[{"start":{"line":48,"column":44},"end":{"line":48,"column":48}},{"start":{"line":48,"column":51},"end":{"line":48,"column":56}}]}},"s":{"0":1,"1":1,"2":1,"3":4,"4":0,"5":0,"6":0,"7":0,"8":0,"9":0,"10":0,"11":0,"12":0,"13":0,"14":0,"15":0,"16":0,"17":0,"18":4,"19":2,"20":4,"21":4,"22":1},"f":{"0":4,"1":0,"2":0,"3":0,"4":0,"5":2},"b":{"0":[0],"1":[0],"2":[0],"3":[0],"4":[4,0]}}
,"/Users/alex/Desktop/Codesmith/Projects/Svelte-DevTools-Plus/devtool/src/pages/Panel/PanelComponents/StateModifier.tsx": {"path":"/Users/alex/Desktop/Codesmith/Projects/Svelte-DevTools-Plus/devtool/src/pages/Panel/PanelComponents/StateModifier.tsx","statementMap":{"0":{"start":{"line":1,"column":0},"end":{"line":1,"column":61}},"1":{"start":{"line":2,"column":0},"end":{"line":2,"column":29}},"2":{"start":{"line":12,"column":22},"end":{"line":67,"column":1}},"3":{"start":{"line":17,"column":38},"end":{"line":17,"column":57}},"4":{"start":{"line":18,"column":16},"end":{"line":18,"column":47}},"5":{"start":{"line":19,"column":18},"end":{"line":19,"column":49}},"6":{"start":{"line":22,"column":4},"end":{"line":22,"column":35}},"7":{"start":{"line":22,"column":28},"end":{"line":22,"column":35}},"8":{"start":{"line":23,"column":4},"end":{"line":23,"column":19}},"9":{"start":{"line":27,"column":4},"end":{"line":27,"column":43}},"10":{"start":{"line":28,"column":4},"end":{"line":28,"column":42}},"11":{"start":{"line":29,"column":4},"end":{"line":29,"column":26}},"12":{"start":{"line":30,"column":4},"end":{"line":30,"column":27}},"13":{"start":{"line":34,"column":21},"end":{"line":34,"column":47}},"14":{"start":{"line":35,"column":18},"end":{"line":38,"column":6}},"15":{"start":{"line":39,"column":4},"end":{"line":43,"column":7}},"16":{"start":{"line":47,"column":4},"end":{"line":47,"column":34}},"17":{"start":{"line":50,"column":2},"end":{"line":66,"column":4}},"18":{"start":{"line":69,"column":0},"end":{"line":69,"column":29}}},"fnMap":{"0":{"name":"(anonymous_0)","decl":{"start":{"line":12,"column":22},"end":{"line":12,"column":23}},"loc":{"start":{"line":16,"column":25},"end":{"line":67,"column":1}}},"1":{"name":"handleKeyPress","decl":{"start":{"line":21,"column":11},"end":{"line":21,"column":25}},"loc":{"start":{"line":21,"column":64},"end":{"line":24,"column":3}}},"2":{"name":"handleClickToEdit","decl":{"start":{"line":26,"column":11},"end":{"line":26,"column":28}},"loc":{"start":{"line":26,"column":28},"end":{"line":31,"column":3}}},"3":{"name":"handleSubmit","decl":{"start":{"line":33,"column":17},"end":{"line":33,"column":29}},"loc":{"start":{"line":33,"column":29},"end":{"line":44,"column":3}}},"4":{"name":"handleChange","decl":{"start":{"line":46,"column":11},"end":{"line":46,"column":23}},"loc":{"start":{"line":46,"column":56},"end":{"line":48,"column":3}}}},"branchMap":{"0":{"loc":{"start":{"line":22,"column":4},"end":{"line":22,"column":35}},"type":"if","locations":[{"start":{"line":22,"column":4},"end":{"line":22,"column":35}}]},"1":{"loc":{"start":{"line":63,"column":26},"end":{"line":63,"column":63}},"type":"cond-expr","locations":[{"start":{"line":63,"column":46},"end":{"line":63,"column":56}},{"start":{"line":63,"column":59},"end":{"line":63,"column":63}}]}},"s":{"0":1,"1":1,"2":1,"3":0,"4":0,"5":0,"6":0,"7":0,"8":0,"9":0,"10":0,"11":0,"12":0,"13":0,"14":0,"15":0,"16":0,"17":0,"18":1},"f":{"0":0,"1":0,"2":0,"3":0,"4":0},"b":{"0":[0],"1":[0,0]}}
,"/Users/alex/Desktop/Codesmith/Projects/Svelte-DevTools-Plus/devtool/src/pages/Panel/PanelComponents/StateValue.tsx": {"path":"/Users/alex/Desktop/Codesmith/Projects/Svelte-DevTools-Plus/devtool/src/pages/Panel/PanelComponents/StateValue.tsx","statementMap":{"0":{"start":{"line":1,"column":0},"end":{"line":1,"column":36}},"1":{"start":{"line":2,"column":0},"end":{"line":2,"column":44}},"2":{"start":{"line":3,"column":0},"end":{"line":3,"column":26}},"3":{"start":{"line":16,"column":26},"end":{"line":73,"column":1}},"4":{"start":{"line":22,"column":2},"end":{"line":72,"column":4}},"5":{"start":{"line":31,"column":14},"end":{"line":40,"column":16}},"6":{"start":{"line":16,"column":13},"end":{"line":16,"column":26}}},"fnMap":{"0":{"name":"(anonymous_1)","decl":{"start":{"line":16,"column":26},"end":{"line":16,"column":27}},"loc":{"start":{"line":21,"column":22},"end":{"line":73,"column":1}}},"1":{"name":"(anonymous_2)","decl":{"start":{"line":30,"column":23},"end":{"line":30,"column":24}},"loc":{"start":{"line":30,"column":34},"end":{"line":41,"column":13}}}},"branchMap":{"0":{"loc":{"start":{"line":24,"column":7},"end":{"line":70,"column":14}},"type":"cond-expr","locations":[{"start":{"line":25,"column":8},"end":{"line":42,"column":null}},{"start":{"line":44,"column":10},"end":{"line":70,"column":14}}]},"1":{"loc":{"start":{"line":44,"column":10},"end":{"line":70,"column":14}},"type":"cond-expr","locations":[{"start":{"line":45,"column":8},"end":{"line":45,"column":14}},{"start":{"line":46,"column":10},"end":{"line":70,"column":14}}]},"2":{"loc":{"start":{"line":46,"column":10},"end":{"line":70,"column":14}},"type":"cond-expr","locations":[{"start":{"line":47,"column":8},"end":{"line":47,"column":15}},{"start":{"line":48,"column":10},"end":{"line":70,"column":14}}]},"3":{"loc":{"start":{"line":48,"column":10},"end":{"line":70,"column":14}},"type":"cond-expr","locations":[{"start":{"line":49,"column":8},"end":{"line":49,"column":14}},{"start":{"line":50,"column":10},"end":{"line":70,"column":14}}]},"4":{"loc":{"start":{"line":50,"column":10},"end":{"line":70,"column":14}},"type":"cond-expr","locations":[{"start":{"line":52,"column":8},"end":{"line":59,"column":null}},{"start":{"line":61,"column":10},"end":{"line":70,"column":14}}]},"5":{"loc":{"start":{"line":50,"column":10},"end":{"line":50,"column":64}},"type":"binary-expr","locations":[{"start":{"line":50,"column":10},"end":{"line":50,"column":35}},{"start":{"line":50,"column":39},"end":{"line":50,"column":64}}]},"6":{"loc":{"start":{"line":52,"column":8},"end":{"line":59,"column":null}},"type":"cond-expr","locations":[{"start":{"line":53,"column":10},"end":{"line":56,"column":null}},{"start":{"line":59,"column":10},"end":{"line":59,"column":28}}]},"7":{"loc":{"start":{"line":61,"column":10},"end":{"line":70,"column":14}},"type":"cond-expr","locations":[{"start":{"line":62,"column":8},"end":{"line":69,"column":16}},{"start":{"line":70,"column":10},"end":{"line":70,"column":14}}]},"8":{"loc":{"start":{"line":62,"column":8},"end":{"line":69,"column":16}},"type":"cond-expr","locations":[{"start":{"line":63,"column":10},"end":{"line":67,"column":null}},{"start":{"line":69,"column":12},"end":{"line":69,"column":16}}]},"9":{"loc":{"start":{"line":62,"column":8},"end":{"line":62,"column":75}},"type":"binary-expr","locations":[{"start":{"line":62,"column":8},"end":{"line":62,"column":44}},{"start":{"line":62,"column":48},"end":{"line":62,"column":75}}]}},"s":{"0":1,"1":1,"2":1,"3":1,"4":0,"5":0,"6":1},"f":{"0":0,"1":0},"b":{"0":[0,0],"1":[0,0],"2":[0,0],"3":[0,0],"4":[0,0],"5":[0,0],"6":[0,0],"7":[0,0],"8":[0,0],"9":[0,0]}}
,"/Users/alex/Desktop/Codesmith/Projects/Svelte-DevTools-Plus/devtool/src/pages/Panel/PanelComponents/TreeComponent.tsx": {"path":"/Users/alex/Desktop/Codesmith/Projects/Svelte-DevTools-Plus/devtool/src/pages/Panel/PanelComponents/TreeComponent.tsx","statementMap":{"0":{"start":{"line":1,"column":0},"end":{"line":1,"column":59}},"1":{"start":{"line":2,"column":0},"end":{"line":2,"column":29}},"2":{"start":{"line":3,"column":0},"end":{"line":3,"column":36}},"3":{"start":{"line":4,"column":0},"end":{"line":4,"column":42}},"4":{"start":{"line":5,"column":0},"end":{"line":5,"column":null}},"5":{"start":{"line":9,"column":0},"end":{"line":9,"column":42}},"6":{"start":{"line":10,"column":0},"end":{"line":10,"column":41}},"7":{"start":{"line":11,"column":0},"end":{"line":11,"column":43}},"8":{"start":{"line":12,"column":0},"end":{"line":12,"column":52}},"9":{"start":{"line":19,"column":16},"end":{"line":19,"column":25}},"10":{"start":{"line":25,"column":52},"end":{"line":122,"column":1}},"11":{"start":{"line":29,"column":44},"end":{"line":29,"column":46}},"12":{"start":{"line":30,"column":2},"end":{"line":36,"column":null}},"13":{"start":{"line":31,"column":4},"end":{"line":35,"column":7}},"14":{"start":{"line":32,"column":6},"end":{"line":34,"column":8}},"15":{"start":{"line":38,"column":19},"end":{"line":38,"column":32}},"16":{"start":{"line":39,"column":19},"end":{"line":39,"column":32}},"17":{"start":{"line":41,"column":42},"end":{"line":42,"column":null}},"18":{"start":{"line":45,"column":2},"end":{"line":52,"column":9}},"19":{"start":{"line":46,"column":4},"end":{"line":51,"column":null}},"20":{"start":{"line":47,"column":6},"end":{"line":50,"column":9}},"21":{"start":{"line":55,"column":17},"end":{"line":55,"column":46}},"22":{"start":{"line":56,"column":4},"end":{"line":56,"column":55}},"23":{"start":{"line":57,"column":4},"end":{"line":57,"column":33}},"24":{"start":{"line":61,"column":4},"end":{"line":68,"column":7}},"25":{"start":{"line":71,"column":26},"end":{"line":71,"column":74}},"26":{"start":{"line":73,"column":2},"end":{"line":121,"column":4}},"27":{"start":{"line":105,"column":50},"end":{"line":105,"column":54}},"28":{"start":{"line":124,"column":0},"end":{"line":124,"column":29}}},"fnMap":{"0":{"name":"(anonymous_1)","decl":{"start":{"line":25,"column":52},"end":{"line":25,"column":53}},"loc":{"start":{"line":28,"column":25},"end":{"line":122,"column":1}}},"1":{"name":"(anonymous_2)","decl":{"start":{"line":31,"column":35},"end":{"line":31,"column":36}},"loc":{"start":{"line":31,"column":56},"end":{"line":35,"column":5}}},"2":{"name":"(anonymous_3)","decl":{"start":{"line":45,"column":12},"end":{"line":45,"column":15}},"loc":{"start":{"line":45,"column":17},"end":{"line":52,"column":3}}},"3":{"name":"handleExpand","decl":{"start":{"line":54,"column":11},"end":{"line":54,"column":23}},"loc":{"start":{"line":54,"column":23},"end":{"line":58,"column":3}}},"4":{"name":"handleHighlight","decl":{"start":{"line":60,"column":11},"end":{"line":60,"column":26}},"loc":{"start":{"line":60,"column":26},"end":{"line":69,"column":3}}},"5":{"name":"(anonymous_6)","decl":{"start":{"line":105,"column":33},"end":{"line":105,"column":34}},"loc":{"start":{"line":105,"column":50},"end":{"line":105,"column":54}}}},"branchMap":{"0":{"loc":{"start":{"line":30,"column":2},"end":{"line":36,"column":null}},"type":"if","locations":[{"start":{"line":30,"column":2},"end":{"line":36,"column":null}}]},"1":{"loc":{"start":{"line":46,"column":4},"end":{"line":51,"column":null}},"type":"if","locations":[{"start":{"line":46,"column":4},"end":{"line":51,"column":null}}]},"2":{"loc":{"start":{"line":56,"column":34},"end":{"line":56,"column":53}},"type":"cond-expr","locations":[{"start":{"line":56,"column":41},"end":{"line":56,"column":46}},{"start":{"line":56,"column":49},"end":{"line":56,"column":53}}]},"3":{"loc":{"start":{"line":57,"column":12},"end":{"line":57,"column":31}},"type":"cond-expr","locations":[{"start":{"line":57,"column":19},"end":{"line":57,"column":24}},{"start":{"line":57,"column":27},"end":{"line":57,"column":31}}]},"4":{"loc":{"start":{"line":71,"column":35},"end":{"line":71,"column":73}},"type":"binary-expr","locations":[{"start":{"line":71,"column":35},"end":{"line":71,"column":64}},{"start":{"line":71,"column":68},"end":{"line":71,"column":73}}]},"5":{"loc":{"start":{"line":75,"column":7},"end":{"line":118,"column":null}},"type":"cond-expr","locations":[{"start":{"line":76,"column":8},"end":{"line":107,"column":null}},{"start":{"line":110,"column":8},"end":{"line":116,"column":null}}]},"6":{"loc":{"start":{"line":78,"column":13},"end":{"line":89,"column":null}},"type":"cond-expr","locations":[{"start":{"line":79,"column":14},"end":{"line":82,"column":null}},{"start":{"line":85,"column":14},"end":{"line":88,"column":null}}]}},"s":{"0":1,"1":1,"2":1,"3":1,"4":1,"5":1,"6":1,"7":1,"8":1,"9":1,"10":1,"11":1,"12":1,"13":0,"14":0,"15":1,"16":1,"17":1,"18":1,"19":1,"20":0,"21":0,"22":0,"23":0,"24":0,"25":1,"26":1,"27":0,"28":1},"f":{"0":1,"1":0,"2":1,"3":0,"4":0,"5":0},"b":{"0":[0],"1":[0],"2":[0,0],"3":[0,0],"4":[1,1],"5":[0,1],"6":[0,0]}}
,"/Users/alex/Desktop/Codesmith/Projects/Svelte-DevTools-Plus/devtool/src/pages/Panel/PanelPages/StepPage.tsx": {"path":"/Users/alex/Desktop/Codesmith/Projects/Svelte-DevTools-Plus/devtool/src/pages/Panel/PanelPages/StepPage.tsx","statementMap":{"0":{"start":{"line":2,"column":0},"end":{"line":2,"column":22}},"1":{"start":{"line":3,"column":0},"end":{"line":3,"column":61}},"2":{"start":{"line":7,"column":47},"end":{"line":22,"column":1}},"3":{"start":{"line":10,"column":2},"end":{"line":21,"column":4}},"4":{"start":{"line":24,"column":0},"end":{"line":24,"column":24}}},"fnMap":{"0":{"name":"(anonymous_1)","decl":{"start":{"line":7,"column":47},"end":{"line":7,"column":48}},"loc":{"start":{"line":9,"column":25},"end":{"line":22,"column":1}}}},"branchMap":{"0":{"loc":{"start":{"line":15,"column":11},"end":{"line":16,"column":null}},"type":"binary-expr","locations":[{"start":{"line":15,"column":11},"end":{"line":15,"column":28}},{"start":{"line":16,"column":12},"end":{"line":16,"column":73}}]}},"s":{"0":1,"1":1,"2":1,"3":3,"4":1},"f":{"0":3},"b":{"0":[3,1]}}
,"/Users/alex/Desktop/Codesmith/Projects/Svelte-DevTools-Plus/devtool/src/pages/Panel/PanelPages/TreePage.tsx": {"path":"/Users/alex/Desktop/Codesmith/Projects/Svelte-DevTools-Plus/devtool/src/pages/Panel/PanelPages/TreePage.tsx","statementMap":{"0":{"start":{"line":3,"column":0},"end":{"line":3,"column":57}},"1":{"start":{"line":5,"column":0},"end":{"line":5,"column":22}},"2":{"start":{"line":6,"column":0},"end":{"line":6,"column":42}},"3":{"start":{"line":8,"column":24},"end":{"line":11,"column":2}},"4":{"start":{"line":14,"column":24},"end":{"line":25,"column":1}},"5":{"start":{"line":15,"column":36},"end":{"line":15,"column":62}},"6":{"start":{"line":16,"column":38},"end":{"line":16,"column":48}},"7":{"start":{"line":17,"column":23},"end":{"line":23,"column":8}},"8":{"start":{"line":18,"column":4},"end":{"line":22,"column":null}},"9":{"start":{"line":19,"column":32},"end":{"line":19,"column":69}},"10":{"start":{"line":20,"column":6},"end":{"line":20,"column":39}},"11":{"start":{"line":21,"column":6},"end":{"line":21,"column":52}},"12":{"start":{"line":24,"column":2},"end":{"line":24,"column":47}},"13":{"start":{"line":31,"column":35},"end":{"line":57,"column":null}},"14":{"start":{"line":36,"column":2},"end":{"line":56,"column":null}},"15":{"start":{"line":40,"column":21},"end":{"line":40,"column":47}},"16":{"start":{"line":61,"column":42},"end":{"line":121,"column":1}},"17":{"start":{"line":64,"column":19},"end":{"line":64,"column":32}},"18":{"start":{"line":65,"column":26},"end":{"line":79,"column":3}},"19":{"start":{"line":66,"column":16},"end":{"line":70,"column":6}},"20":{"start":{"line":71,"column":4},"end":{"line":78,"column":7}},"21":{"start":{"line":80,"column":36},"end":{"line":80,"column":53}},"22":{"start":{"line":85,"column":6},"end":{"line":85,"column":11}},"23":{"start":{"line":86,"column":36},"end":{"line":91,"column":6}},"24":{"start":{"line":93,"column":4},"end":{"line":93,"column":59}},"25":{"start":{"line":93,"column":24},"end":{"line":93,"column":59}},"26":{"start":{"line":94,"column":4},"end":{"line":95,"column":70}},"27":{"start":{"line":95,"column":6},"end":{"line":95,"column":70}},"28":{"start":{"line":97,"column":4},"end":{"line":99,"column":null}},"29":{"start":{"line":98,"column":6},"end":{"line":98,"column":77}},"30":{"start":{"line":98,"column":53},"end":{"line":98,"column":75}},"31":{"start":{"line":101,"column":4},"end":{"line":101,"column":18}},"32":{"start":{"line":104,"column":19},"end":{"line":104,"column":53}},"33":{"start":{"line":106,"column":2},"end":{"line":120,"column":4}},"34":{"start":{"line":114,"column":12},"end":{"line":114,"column":73}},"35":{"start":{"line":123,"column":0},"end":{"line":123,"column":24}}},"fnMap":{"0":{"name":"(anonymous_0)","decl":{"start":{"line":14,"column":24},"end":{"line":14,"column":25}},"loc":{"start":{"line":14,"column":62},"end":{"line":25,"column":1}}},"1":{"name":"(anonymous_1)","decl":{"start":{"line":17,"column":35},"end":{"line":17,"column":36}},"loc":{"start":{"line":17,"column":73},"end":{"line":23,"column":3}}},"2":{"name":"(anonymous_2)","decl":{"start":{"line":31,"column":35},"end":{"line":31,"column":36}},"loc":{"start":{"line":36,"column":2},"end":{"line":56,"column":null}}},"3":{"name":"(anonymous_3)","decl":{"start":{"line":40,"column":15},"end":{"line":40,"column":18}},"loc":{"start":{"line":40,"column":21},"end":{"line":40,"column":47}}},"4":{"name":"(anonymous_4)","decl":{"start":{"line":61,"column":42},"end":{"line":61,"column":43}},"loc":{"start":{"line":63,"column":20},"end":{"line":121,"column":1}}},"5":{"name":"(anonymous_5)","decl":{"start":{"line":65,"column":26},"end":{"line":65,"column":27}},"loc":{"start":{"line":65,"column":48},"end":{"line":79,"column":3}}},"6":{"name":"convertToObject","decl":{"start":{"line":83,"column":11},"end":{"line":83,"column":26}},"loc":{"start":{"line":83,"column":37},"end":{"line":102,"column":3}}},"7":{"name":"(anonymous_7)","decl":{"start":{"line":98,"column":37},"end":{"line":98,"column":38}},"loc":{"start":{"line":98,"column":53},"end":{"line":98,"column":75}}},"8":{"name":"(anonymous_8)","decl":{"start":{"line":113,"column":35},"end":{"line":113,"column":36}},"loc":{"start":{"line":114,"column":12},"end":{"line":114,"column":73}}}},"branchMap":{"0":{"loc":{"start":{"line":14,"column":25},"end":{"line":14,"column":58}},"type":"default-arg","locations":[{"start":{"line":14,"column":44},"end":{"line":14,"column":58}}]},"1":{"loc":{"start":{"line":18,"column":4},"end":{"line":22,"column":null}},"type":"if","locations":[{"start":{"line":18,"column":4},"end":{"line":22,"column":null}}]},"2":{"loc":{"start":{"line":52,"column":5},"end":{"line":55,"column":null}},"type":"binary-expr","locations":[{"start":{"line":52,"column":5},"end":{"line":52,"column":37}},{"start":{"line":53,"column":6},"end":{"line":53,"column":null}}]},"3":{"loc":{"start":{"line":93,"column":4},"end":{"line":93,"column":59}},"type":"if","locations":[{"start":{"line":93,"column":4},"end":{"line":93,"column":59}}]},"4":{"loc":{"start":{"line":94,"column":4},"end":{"line":95,"column":70}},"type":"if","locations":[{"start":{"line":94,"column":4},"end":{"line":95,"column":70}}]},"5":{"loc":{"start":{"line":97,"column":4},"end":{"line":99,"column":null}},"type":"if","locations":[{"start":{"line":97,"column":4},"end":{"line":99,"column":null}}]},"6":{"loc":{"start":{"line":97,"column":8},"end":{"line":97,"column":39}},"type":"binary-expr","locations":[{"start":{"line":97,"column":8},"end":{"line":97,"column":16}},{"start":{"line":97,"column":20},"end":{"line":97,"column":39}}]}},"s":{"0":1,"1":1,"2":1,"3":1,"4":1,"5":0,"6":0,"7":0,"8":0,"9":0,"10":0,"11":0,"12":0,"13":1,"14":0,"15":0,"16":1,"17":0,"18":0,"19":0,"20":0,"21":0,"22":0,"23":0,"24":0,"25":0,"26":0,"27":0,"28":0,"29":0,"30":0,"31":0,"32":0,"33":0,"34":0,"35":1},"f":{"0":0,"1":0,"2":0,"3":0,"4":0,"5":0,"6":0,"7":0,"8":0},"b":{"0":[0],"1":[0],"2":[0,0],"3":[0],"4":[0],"5":[0],"6":[0,0]}}
,"/Users/alex/Desktop/Codesmith/Projects/Svelte-DevTools-Plus/devtool/src/pages/Panel/slices/currentSnapshotSlice.tsx": {"path":"/Users/alex/Desktop/Codesmith/Projects/Svelte-DevTools-Plus/devtool/src/pages/Panel/slices/currentSnapshotSlice.tsx","statementMap":{"0":{"start":{"line":1,"column":0},"end":{"line":1,"column":47}},"1":{"start":{"line":10,"column":21},"end":{"line":13,"column":14}},"2":{"start":{"line":16,"column":29},"end":{"line":26,"column":2}},"3":{"start":{"line":21,"column":6},"end":{"line":21,"column":50}},"4":{"start":{"line":22,"column":22},"end":{"line":22,"column":36}},"5":{"start":{"line":23,"column":6},"end":{"line":23,"column":50}},"6":{"start":{"line":29,"column":2},"end":{"line":29,"column":31}},"7":{"start":{"line":28,"column":0},"end":{"line":28,"column":16}},"8":{"start":{"line":31,"column":15},"end":{"line":31,"column":67}},"9":{"start":{"line":32,"column":0},"end":{"line":32,"column":44}}},"fnMap":{"0":{"name":"(anonymous_0)","decl":{"start":{"line":20,"column":4},"end":{"line":20,"column":22}},"loc":{"start":{"line":20,"column":36},"end":{"line":24,"column":5}}},"1":{"name":"selectCurrentSnapshot","decl":{"start":{"line":28,"column":16},"end":{"line":28,"column":37}},"loc":{"start":{"line":28,"column":54},"end":{"line":30,"column":1}}}},"branchMap":{},"s":{"0":1,"1":1,"2":1,"3":1,"4":1,"5":1,"6":7,"7":1,"8":1,"9":1},"f":{"0":1,"1":7},"b":{}}
,"/Users/alex/Desktop/Codesmith/Projects/Svelte-DevTools-Plus/devtool/src/pages/Panel/slices/highlightedComponentSlice.ts": {"path":"/Users/alex/Desktop/Codesmith/Projects/Svelte-DevTools-Plus/devtool/src/pages/Panel/slices/highlightedComponentSlice.ts","statementMap":{"0":{"start":{"line":1,"column":0},"end":{"line":1,"column":47}},"1":{"start":{"line":12,"column":21},"end":{"line":17,"column":15}},"2":{"start":{"line":20,"column":34},"end":{"line":36,"column":2}},"3":{"start":{"line":25,"column":22},"end":{"line":25,"column":36}},"4":{"start":{"line":26,"column":6},"end":{"line":26,"column":36}},"5":{"start":{"line":27,"column":6},"end":{"line":27,"column":38}},"6":{"start":{"line":28,"column":6},"end":{"line":28,"column":28}},"7":{"start":{"line":31,"column":22},"end":{"line":31,"column":36}},"8":{"start":{"line":32,"column":6},"end":{"line":32,"column":36}},"9":{"start":{"line":33,"column":6},"end":{"line":33,"column":38}},"10":{"start":{"line":39,"column":2},"end":{"line":39,"column":36}},"11":{"start":{"line":38,"column":0},"end":{"line":38,"column":16}},"12":{"start":{"line":41,"column":13},"end":{"line":41,"column":null}},"13":{"start":{"line":43,"column":0},"end":{"line":43,"column":49}}},"fnMap":{"0":{"name":"(anonymous_0)","decl":{"start":{"line":24,"column":4},"end":{"line":24,"column":27}},"loc":{"start":{"line":24,"column":41},"end":{"line":29,"column":5}}},"1":{"name":"(anonymous_1)","decl":{"start":{"line":30,"column":4},"end":{"line":30,"column":30}},"loc":{"start":{"line":30,"column":44},"end":{"line":34,"column":5}}},"2":{"name":"selectHighlightedComponent","decl":{"start":{"line":38,"column":16},"end":{"line":38,"column":42}},"loc":{"start":{"line":38,"column":59},"end":{"line":40,"column":1}}}},"branchMap":{},"s":{"0":1,"1":1,"2":1,"3":0,"4":0,"5":0,"6":0,"7":0,"8":0,"9":0,"10":8,"11":1,"12":1,"13":1},"f":{"0":0,"1":0,"2":8},"b":{}}
,"/Users/alex/Desktop/Codesmith/Projects/Svelte-DevTools-Plus/devtool/src/pages/Panel/slices/treeHistorySlice.tsx": {"path":"/Users/alex/Desktop/Codesmith/Projects/Svelte-DevTools-Plus/devtool/src/pages/Panel/slices/treeHistorySlice.tsx","statementMap":{"0":{"start":{"line":1,"column":0},"end":{"line":1,"column":47}},"1":{"start":{"line":10,"column":21},"end":{"line":10,"column":55}},"2":{"start":{"line":13,"column":25},"end":{"line":25,"column":2}},"3":{"start":{"line":18,"column":36},"end":{"line":18,"column":62}},"4":{"start":{"line":19,"column":6},"end":{"line":19,"column":42}},"5":{"start":{"line":22,"column":6},"end":{"line":22,"column":59}},"6":{"start":{"line":28,"column":2},"end":{"line":28,"column":27}},"7":{"start":{"line":27,"column":0},"end":{"line":27,"column":16}},"8":{"start":{"line":30,"column":15},"end":{"line":30,"column":59}},"9":{"start":{"line":31,"column":0},"end":{"line":31,"column":40}}},"fnMap":{"0":{"name":"(anonymous_0)","decl":{"start":{"line":17,"column":4},"end":{"line":17,"column":18}},"loc":{"start":{"line":17,"column":32},"end":{"line":20,"column":5}}},"1":{"name":"(anonymous_1)","decl":{"start":{"line":21,"column":4},"end":{"line":21,"column":22}},"loc":{"start":{"line":21,"column":36},"end":{"line":23,"column":5}}},"2":{"name":"selectTreeHistory","decl":{"start":{"line":27,"column":16},"end":{"line":27,"column":33}},"loc":{"start":{"line":27,"column":50},"end":{"line":29,"column":1}}}},"branchMap":{},"s":{"0":1,"1":1,"2":1,"3":1,"4":1,"5":0,"6":4,"7":1,"8":1,"9":1},"f":{"0":1,"1":0,"2":4},"b":{}}
}
