TN:
SF:src/pages/Panel/Panel.tsx
FN:22,(anonymous_1)
FN:26,Panel
FN:33,(anonymous_3)
FN:37,(anonymous_4)
FN:38,setUpPanel
FN:49,(anonymous_6)
FN:76,createAndSaveNewSnapshot
FN:94,changeSnapshot
FN:105,clearSnapshotHistory
FNF:9
FNH:6
FNDA:0,(anonymous_1)
FNDA:3,Panel
FNDA:1,(anonymous_3)
FNDA:1,(anonymous_4)
FNDA:1,setUpPanel
FNDA:1,(anonymous_6)
FNDA:1,createAndSaveNewSnapshot
FNDA:0,changeSnapshot
FNDA:0,clearSnapshotHistory
DA:1,1
DA:2,1
DA:3,1
DA:4,1
DA:5,1
DA:6,1
DA:7,1
DA:8,1
DA:10,1
DA:11,1
DA:12,1
DA:13,1
DA:14,1
DA:22,1
DA:23,0
DA:27,3
DA:28,3
DA:29,3
DA:30,3
DA:33,3
DA:34,1
DA:37,3
DA:39,1
DA:43,1
DA:45,1
DA:49,1
DA:50,1
DA:51,0
DA:52,0
DA:53,0
DA:55,1
DA:56,1
DA:57,1
DA:58,1
DA:60,0
DA:63,0
DA:64,0
DA:66,0
DA:77,1
DA:83,1
DA:95,0
DA:99,0
DA:106,0
DA:111,3
DA:152,1
LF:45
LH:34
BRDA:50,0,0,0
BRDA:50,0,1,1
BRDA:52,1,0,0
BRDA:55,2,0,1
BRDA:55,2,1,0
BRDA:57,3,0,1
BRDA:57,3,1,0
BRDA:63,4,0,0
BRF:8
BRH:3
end_of_record
TN:
SF:src/pages/Panel/store.ts
FNF:0
FNH:0
DA:1,1
DA:2,1
DA:3,1
DA:4,1
DA:6,1
LF:5
LH:5
BRF:0
BRH:0
end_of_record
TN:
SF:src/pages/Panel/PanelComponents/ComponentInfo.tsx
FN:13,(anonymous_0)
FN:27,(anonymous_1)
FN:44,(anonymous_2)
FNF:3
FNH:1
FNDA:3,(anonymous_0)
FNDA:0,(anonymous_1)
FNDA:0,(anonymous_2)
DA:2,1
DA:3,1
DA:7,1
DA:8,1
DA:9,1
DA:13,1
DA:14,3
DA:18,3
DA:28,0
DA:45,0
DA:61,1
LF:11
LH:9
BRDA:24,0,0,3
BRDA:24,0,1,0
BRDA:41,1,0,3
BRDA:41,1,1,0
BRF:4
BRH:2
end_of_record
TN:
SF:src/pages/Panel/PanelComponents/Navbar.tsx
FN:8,Navbar
FNF:1
FNH:1
FNDA:3,Navbar
DA:2,1
DA:3,1
DA:4,1
DA:8,1
DA:9,3
LF:5
LH:5
BRF:0
BRH:0
end_of_record
TN:
SF:src/pages/Panel/PanelComponents/Rewinder.tsx
FN:13,Rewinder
FN:19,handleChange
FN:24,handleChangeCommitted
FN:32,goBack
FN:38,goForward
FN:44,(anonymous_6)
FNF:6
FNH:2
FNDA:4,Rewinder
FNDA:0,handleChange
FNDA:0,handleChangeCommitted
FNDA:0,goBack
FNDA:0,goForward
FNDA:2,(anonymous_6)
DA:1,1
DA:2,1
DA:3,1
DA:13,1
DA:18,4
DA:20,0
DA:21,0
DA:28,0
DA:29,0
DA:33,0
DA:34,0
DA:35,0
DA:39,0
DA:40,0
DA:41,0
DA:44,4
DA:45,2
DA:48,4
DA:49,4
LF:19
LH:9
BRDA:20,0,0,0
BRDA:28,1,0,0
BRDA:33,2,0,0
BRDA:39,3,0,0
BRDA:48,4,0,4
BRDA:48,4,1,0
BRF:6
BRH:1
end_of_record
TN:
SF:src/pages/Panel/PanelComponents/StateModifier.tsx
FN:12,(anonymous_0)
FN:21,handleKeyPress
FN:26,handleClickToEdit
FN:33,handleSubmit
FN:46,handleChange
FNF:5
FNH:0
FNDA:0,(anonymous_0)
FNDA:0,handleKeyPress
FNDA:0,handleClickToEdit
FNDA:0,handleSubmit
FNDA:0,handleChange
DA:1,1
DA:2,1
DA:12,1
DA:17,0
DA:18,0
DA:19,0
DA:22,0
DA:23,0
DA:27,0
DA:28,0
DA:29,0
DA:30,0
DA:34,0
DA:35,0
DA:39,0
DA:47,0
DA:50,0
DA:69,1
LF:18
LH:4
BRDA:22,0,0,0
BRDA:63,1,0,0
BRDA:63,1,1,0
BRF:3
BRH:0
end_of_record
TN:
SF:src/pages/Panel/PanelComponents/StateValue.tsx
FN:16,(anonymous_1)
FN:30,(anonymous_2)
FNF:2
FNH:0
FNDA:0,(anonymous_1)
FNDA:0,(anonymous_2)
DA:1,1
DA:2,1
DA:3,1
DA:16,1
DA:22,0
DA:31,0
LF:6
LH:4
BRDA:24,0,0,0
BRDA:24,0,1,0
BRDA:44,1,0,0
BRDA:44,1,1,0
BRDA:46,2,0,0
BRDA:46,2,1,0
BRDA:48,3,0,0
BRDA:48,3,1,0
BRDA:50,4,0,0
BRDA:50,4,1,0
BRDA:50,5,0,0
BRDA:50,5,1,0
BRDA:52,6,0,0
BRDA:52,6,1,0
BRDA:61,7,0,0
BRDA:61,7,1,0
BRDA:62,8,0,0
BRDA:62,8,1,0
BRDA:62,9,0,0
BRDA:62,9,1,0
BRF:20
BRH:0
end_of_record
TN:
SF:src/pages/Panel/PanelComponents/TreeComponent.tsx
FN:25,(anonymous_1)
FN:31,(anonymous_2)
FN:45,(anonymous_3)
FN:54,handleExpand
FN:60,handleHighlight
FN:105,(anonymous_6)
FNF:6
FNH:2
FNDA:1,(anonymous_1)
FNDA:0,(anonymous_2)
FNDA:1,(anonymous_3)
FNDA:0,handleExpand
FNDA:0,handleHighlight
FNDA:0,(anonymous_6)
DA:1,1
DA:2,1
DA:3,1
DA:4,1
DA:5,1
DA:9,1
DA:10,1
DA:11,1
DA:12,1
DA:19,1
DA:25,1
DA:29,1
DA:30,1
DA:31,0
DA:32,0
DA:38,1
DA:39,1
DA:41,1
DA:45,1
DA:46,1
DA:47,0
DA:55,0
DA:56,0
DA:57,0
DA:61,0
DA:71,1
DA:73,1
DA:105,0
DA:124,1
LF:29
LH:21
BRDA:30,0,0,0
BRDA:46,1,0,0
BRDA:56,2,0,0
BRDA:56,2,1,0
BRDA:57,3,0,0
BRDA:57,3,1,0
BRDA:71,4,0,1
BRDA:71,4,1,1
BRDA:75,5,0,0
BRDA:75,5,1,1
BRDA:78,6,0,0
BRDA:78,6,1,0
BRF:12
BRH:3
end_of_record
TN:
SF:src/pages/Panel/PanelPages/StepPage.tsx
FN:7,(anonymous_1)
FNF:1
FNH:1
FNDA:3,(anonymous_1)
DA:2,1
DA:3,1
DA:7,1
DA:10,3
DA:24,1
LF:5
LH:5
BRDA:15,0,0,3
BRDA:15,0,1,1
BRF:2
BRH:2
end_of_record
TN:
SF:src/pages/Panel/PanelPages/TreePage.tsx
FN:14,(anonymous_0)
FN:17,(anonymous_1)
FN:31,(anonymous_2)
FN:40,(anonymous_3)
FN:61,(anonymous_4)
FN:65,(anonymous_5)
FN:83,convertToObject
FN:98,(anonymous_7)
FN:113,(anonymous_8)
FNF:9
FNH:0
FNDA:0,(anonymous_0)
FNDA:0,(anonymous_1)
FNDA:0,(anonymous_2)
FNDA:0,(anonymous_3)
FNDA:0,(anonymous_4)
FNDA:0,(anonymous_5)
FNDA:0,convertToObject
FNDA:0,(anonymous_7)
FNDA:0,(anonymous_8)
DA:3,1
DA:5,1
DA:6,1
DA:8,1
DA:14,1
DA:15,0
DA:16,0
DA:17,0
DA:18,0
DA:19,0
DA:20,0
DA:21,0
DA:24,0
DA:31,1
DA:36,0
DA:40,0
DA:61,1
DA:64,0
DA:65,0
DA:66,0
DA:71,0
DA:80,0
DA:85,0
DA:86,0
DA:93,0
DA:94,0
DA:95,0
DA:97,0
DA:98,0
DA:101,0
DA:104,0
DA:106,0
DA:114,0
DA:123,1
LF:34
LH:8
BRDA:14,0,0,0
BRDA:18,1,0,0
BRDA:52,2,0,0
BRDA:52,2,1,0
BRDA:93,3,0,0
BRDA:94,4,0,0
BRDA:97,5,0,0
BRDA:97,6,0,0
BRDA:97,6,1,0
BRF:9
BRH:0
end_of_record
TN:
SF:src/pages/Panel/slices/currentSnapshotSlice.tsx
FN:20,(anonymous_0)
FN:28,selectCurrentSnapshot
FNF:2
FNH:2
FNDA:1,(anonymous_0)
FNDA:7,selectCurrentSnapshot
DA:1,1
DA:10,1
DA:16,1
DA:21,1
DA:22,1
DA:23,1
DA:28,1
DA:29,7
DA:31,1
DA:32,1
LF:10
LH:10
BRF:0
BRH:0
end_of_record
TN:
SF:src/pages/Panel/slices/highlightedComponentSlice.ts
FN:24,(anonymous_0)
FN:30,(anonymous_1)
FN:38,selectHighlightedComponent
FNF:3
FNH:1
FNDA:0,(anonymous_0)
FNDA:0,(anonymous_1)
FNDA:8,selectHighlightedComponent
DA:1,1
DA:12,1
DA:20,1
DA:25,0
DA:26,0
DA:27,0
DA:28,0
DA:31,0
DA:32,0
DA:33,0
DA:38,1
DA:39,8
DA:41,1
DA:43,1
LF:14
LH:7
BRF:0
BRH:0
end_of_record
TN:
SF:src/pages/Panel/slices/treeHistorySlice.tsx
FN:17,(anonymous_0)
FN:21,(anonymous_1)
FN:27,selectTreeHistory
FNF:3
FNH:2
FNDA:1,(anonymous_0)
FNDA:0,(anonymous_1)
FNDA:4,selectTreeHistory
DA:1,1
DA:10,1
DA:13,1
DA:18,1
DA:19,1
DA:22,0
DA:27,1
DA:28,4
DA:30,1
DA:31,1
LF:10
LH:9
BRF:0
BRH:0
end_of_record
